<?xml version="1.0" encoding="UTF-8"?>
<!-- Generated by org.testng.reporters.JUnitXMLReporter -->
<testsuite hostname="pranit-PC" ignored="0" name="Default test" tests="5" failures="0" timestamp="2022-06-08T00:50:19 IST" time="16.082" errors="0">
  <testcase name="getPetsByStatus" time="6.428" classname="APITests.PetTest"/>
  <testcase name="createPet" time="3.437" classname="APITests.PetTest"/>
  <testcase name="findPetByID" time="1.518" classname="APITests.PetTest"/>
  <testcase name="updateExistingPet" time="1.514" classname="APITests.PetTest"/>
  <testcase name="updateExistingPetWithFormData" time="3.052" classname="APITests.PetTest"/>
</testsuite> <!-- Default test -->
