<?xml version="1.0" encoding="UTF-8"?>
<!-- Generated by org.testng.reporters.JUnitXMLReporter -->
<testsuite hostname="pranit-PC" ignored="0" name="UserAPI" tests="4" failures="2" timestamp="2022-06-08T01:02:47 IST" time="8.402" errors="0">
  <testcase name="createAUser" time="1.8" classname="APITests.UserTest">
    <failure type="com.jayway.jsonpath.PathNotFoundException" message="No results for path: $[&amp;apos;username&amp;apos;]">
      <![CDATA[com.jayway.jsonpath.PathNotFoundException: No results for path: $['username']
at com.jayway.jsonpath.internal.path.EvaluationContextImpl.getValue(EvaluationContextImpl.java:133)
at com.jayway.jsonpath.JsonPath.read(JsonPath.java:183)
at com.jayway.jsonpath.internal.JsonContext.read(JsonContext.java:89)
at com.jayway.jsonpath.internal.JsonContext.read(JsonContext.java:78)
at com.jayway.jsonpath.JsonPath.read(JsonPath.java:498)
at APITests.UserTest.createAUser(UserTest.java:42)
at java.util.ArrayList.forEach(ArrayList.java:1259)
... Removed 27 stack frames]]>
    </failure>
  </testcase> <!-- createAUser -->
  <testcase name="getUserByUsername" time="0.005" classname="APITests.UserTest">
    <failure type="java.lang.IllegalArgumentException" message="path cannot be null">
      <![CDATA[java.lang.IllegalArgumentException: path cannot be null
at org.codehaus.groovy.runtime.callsite.ConstructorSite$ConstructorSiteNoUnwrap.callConstructor(ConstructorSite.java:84)
at org.codehaus.groovy.runtime.callsite.AbstractCallSite.callConstructor(AbstractCallSite.java:250)
at io.restassured.internal.assertion.AssertParameter.notNull(AssertParameter.groovy:26)
at io.restassured.internal.assertion.AssertParameter$notNull.callStatic(Unknown Source)
at org.codehaus.groovy.runtime.callsite.CallSiteArray.defaultCallStatic(CallSiteArray.java:55)
at io.restassured.internal.assertion.AssertParameter$notNull.callStatic(Unknown Source)
at io.restassured.internal.RequestSpecificationImpl.applyPathParamsAndSendRequest(RequestSpecificationImpl.groovy:1692)
at groovy.lang.MetaMethod.doMethodInvoke(MetaMethod.java:325)
at groovy.lang.MetaClassImpl.invokeMethod(MetaClassImpl.java:1225)
at groovy.lang.MetaClassImpl.invokeMethod(MetaClassImpl.java:1034)
at groovy.lang.MetaClassImpl.invokeMethod(MetaClassImpl.java:822)
at io.restassured.internal.RequestSpecificationImpl.invokeMethod(RequestSpecificationImpl.groovy)
at org.codehaus.groovy.runtime.callsite.PogoInterceptableSite.call(PogoInterceptableSite.java:47)
at org.codehaus.groovy.runtime.callsite.PogoInterceptableSite.callCurrent(PogoInterceptableSite.java:57)
at org.codehaus.groovy.runtime.callsite.AbstractCallSite.callCurrent(AbstractCallSite.java:185)
at io.restassured.internal.RequestSpecificationImpl.applyPathParamsAndSendRequest(RequestSpecificationImpl.groovy:1755)
at groovy.lang.MetaMethod.doMethodInvoke(MetaMethod.java:325)
at groovy.lang.MetaClassImpl.invokeMethod(MetaClassImpl.java:1225)
at groovy.lang.MetaClassImpl.invokeMethod(MetaClassImpl.java:1034)
at groovy.lang.MetaClassImpl.invokeMethod(MetaClassImpl.java:822)
at io.restassured.internal.RequestSpecificationImpl.invokeMethod(RequestSpecificationImpl.groovy)
at org.codehaus.groovy.runtime.callsite.PogoInterceptableSite.call(PogoInterceptableSite.java:47)
at org.codehaus.groovy.runtime.callsite.PogoInterceptableSite.callCurrent(PogoInterceptableSite.java:57)
at org.codehaus.groovy.runtime.callsite.AbstractCallSite.callCurrent(AbstractCallSite.java:185)
at io.restassured.internal.RequestSpecificationImpl.get(RequestSpecificationImpl.groovy:171)
at io.restassured.internal.RequestSpecificationImpl.get(RequestSpecificationImpl.groovy)
at RequestData.UserRequestData.userByUsername(UserRequestData.java:16)
at APITests.UserTest.getUserByUsername(UserTest.java:53)
at java.util.ArrayList.forEach(ArrayList.java:1259)
... Removed 43 stack frames]]>
    </failure>
  </testcase> <!-- getUserByUsername -->
  <testcase name="LoginTheUser" time="3.673" classname="APITests.UserTest"/>
  <testcase name="LogOutTheActiveUserSession" time="2.895" classname="APITests.UserTest"/>
</testsuite> <!-- UserAPI -->
